2024-12-30 18:58:58,722 - INFO - 
-
-
-
-
-
-
-
-
-
-
-
-
-
-
-
-
-
-
-
-
-
-
-
-
-
-
-
-
-
-
-
-
-
-
-
-
-
-
-
-
-
-
-
-
-
-
-
-
-
-
-
-
-
-
-
-
-
-
-
-
-
-
-
-
-
-
-
-
-
-
-
-
-
-
-
-
-
-
-
-
2024-12-30 18:58:58,722 - INFO - Username: rblackwe
2024-12-30 18:59:01,591 - INFO - Search string: richard
2024-12-30 18:59:01,607 - INFO - Loaded all users from log_user_dump.txt for debugging.
2024-12-30 18:59:01,611 - INFO - Multiple users found. Please select the correct user:
2024-12-30 18:59:24,831 - INFO - Process interrupted by user. Exiting program...
2024-12-30 19:01:35,300 - INFO - 
-
-
-
-
-
-
-
-
-
-
-
-
-
-
-
-
-
-
-
-
-
-
-
-
-
-
-
-
-
-
-
-
-
-
-
-
-
-
-
-
-
-
-
-
-
-
-
-
-
-
-
-
-
-
-
-
-
-
-
-
-
-
-
-
-
-
-
-
-
-
-
-
-
-
-
-
-
-
-
-
2024-12-30 19:01:35,300 - INFO - Username: rblackwe
2024-12-30 19:01:38,152 - INFO - Search string: richard
2024-12-30 19:02:13,137 - INFO - 
-
-
-
-
-
-
-
-
-
-
-
-
-
-
-
-
-
-
-
-
-
-
-
-
-
-
-
-
-
-
-
-
-
-
-
-
-
-
-
-
-
-
-
-
-
-
-
-
-
-
-
-
-
-
-
-
-
-
-
-
-
-
-
-
-
-
-
-
-
-
-
-
-
-
-
-
-
-
-
-
2024-12-30 19:02:13,137 - INFO - Username: rblackwe
2024-12-30 19:02:15,159 - INFO - Search string: richard
2024-12-30 19:02:15,173 - INFO - Loaded all users from log_user_dump.txt for debugging.
2024-12-30 19:02:15,177 - INFO - Multiple users found. Please select the correct user:
2024-12-30 19:02:18,728 - INFO - Process interrupted by user. Exiting program...
